Determining if the pthread_create exist failed with the following output:
Change Dir: /home/god/Studium/gdb25_16/builds/productsum/build/ext/gtest/src/googletest-build/CMakeFiles/CMakeTmp

Run Build Command:/usr/bin/make "cmTryCompileExec2258255284/fast"
make[3]: Entering directory `/home/god/Studium/gdb25_16/builds/productsum/build/ext/gtest/src/googletest-build/CMakeFiles/CMakeTmp'
/usr/bin/make -f CMakeFiles/cmTryCompileExec2258255284.dir/build.make CMakeFiles/cmTryCompileExec2258255284.dir/build
make[4]: Entering directory `/home/god/Studium/gdb25_16/builds/productsum/build/ext/gtest/src/googletest-build/CMakeFiles/CMakeTmp'
/usr/bin/cmake -E cmake_progress_report /home/god/Studium/gdb25_16/builds/productsum/build/ext/gtest/src/googletest-build/CMakeFiles/CMakeTmp/CMakeFiles 1
Building C object CMakeFiles/cmTryCompileExec2258255284.dir/CheckSymbolExists.c.o
/usr/bin/cc    -o CMakeFiles/cmTryCompileExec2258255284.dir/CheckSymbolExists.c.o   -c /home/god/Studium/gdb25_16/builds/productsum/build/ext/gtest/src/googletest-build/CMakeFiles/CMakeTmp/CheckSymbolExists.c
Linking C executable cmTryCompileExec2258255284
/usr/bin/cmake -E cmake_link_script CMakeFiles/cmTryCompileExec2258255284.dir/link.txt --verbose=1
/usr/bin/cc       CMakeFiles/cmTryCompileExec2258255284.dir/CheckSymbolExists.c.o  -o cmTryCompileExec2258255284 -rdynamic 
CMakeFiles/cmTryCompileExec2258255284.dir/CheckSymbolExists.c.o: In function `main':
CheckSymbolExists.c:(.text+0xa): undefined reference to `pthread_create'
collect2: error: ld returned 1 exit status
make[4]: Leaving directory `/home/god/Studium/gdb25_16/builds/productsum/build/ext/gtest/src/googletest-build/CMakeFiles/CMakeTmp'
make[3]: Leaving directory `/home/god/Studium/gdb25_16/builds/productsum/build/ext/gtest/src/googletest-build/CMakeFiles/CMakeTmp'
make[4]: *** [cmTryCompileExec2258255284] Error 1
make[3]: *** [cmTryCompileExec2258255284/fast] Error 2

File /home/god/Studium/gdb25_16/builds/productsum/build/ext/gtest/src/googletest-build/CMakeFiles/CMakeTmp/CheckSymbolExists.c:
/* */
#include <pthread.h>

int main(int argc, char** argv)
{
  (void)argv;
#ifndef pthread_create
  return ((int*)(&pthread_create))[argc];
#else
  (void)argc;
  return 0;
#endif
}

Determining if the function pthread_create exists in the pthreads failed with the following output:
Change Dir: /home/god/Studium/gdb25_16/builds/productsum/build/ext/gtest/src/googletest-build/CMakeFiles/CMakeTmp

Run Build Command:/usr/bin/make "cmTryCompileExec2162487620/fast"
make[3]: Entering directory `/home/god/Studium/gdb25_16/builds/productsum/build/ext/gtest/src/googletest-build/CMakeFiles/CMakeTmp'
/usr/bin/make -f CMakeFiles/cmTryCompileExec2162487620.dir/build.make CMakeFiles/cmTryCompileExec2162487620.dir/build
make[4]: Entering directory `/home/god/Studium/gdb25_16/builds/productsum/build/ext/gtest/src/googletest-build/CMakeFiles/CMakeTmp'
/usr/bin/cmake -E cmake_progress_report /home/god/Studium/gdb25_16/builds/productsum/build/ext/gtest/src/googletest-build/CMakeFiles/CMakeTmp/CMakeFiles 1
Building C object CMakeFiles/cmTryCompileExec2162487620.dir/CheckFunctionExists.c.o
/usr/bin/cc   -DCHECK_FUNCTION_EXISTS=pthread_create   -o CMakeFiles/cmTryCompileExec2162487620.dir/CheckFunctionExists.c.o   -c /usr/share/cmake-2.8/Modules/CheckFunctionExists.c
Linking C executable cmTryCompileExec2162487620
/usr/bin/cmake -E cmake_link_script CMakeFiles/cmTryCompileExec2162487620.dir/link.txt --verbose=1
/usr/bin/cc   -DCHECK_FUNCTION_EXISTS=pthread_create    CMakeFiles/cmTryCompileExec2162487620.dir/CheckFunctionExists.c.o  -o cmTryCompileExec2162487620 -rdynamic -lpthreads 
/usr/bin/ld: cannot find -lpthreads
collect2: error: ld returned 1 exit status
make[4]: Leaving directory `/home/god/Studium/gdb25_16/builds/productsum/build/ext/gtest/src/googletest-build/CMakeFiles/CMakeTmp'
make[3]: Leaving directory `/home/god/Studium/gdb25_16/builds/productsum/build/ext/gtest/src/googletest-build/CMakeFiles/CMakeTmp'
make[4]: *** [cmTryCompileExec2162487620] Error 1
make[3]: *** [cmTryCompileExec2162487620/fast] Error 2


